<?xml version="1.0" encoding="UTF-8"?>
<testsuite name="com.example.springbootdocker.SpringBootDockerApplicationTests" tests="1" skipped="0" failures="0" errors="0" timestamp="2021-07-22T02:55:01" hostname="LAPTOP-VQ2U5KEI" time="0.78">
  <properties/>
  <testcase name="contextLoads()" classname="com.example.springbootdocker.SpringBootDockerApplicationTests" time="0.78"/>
  <system-out><![CDATA[22:54:57.317 [Test worker] DEBUG org.springframework.test.context.BootstrapUtils - Instantiating CacheAwareContextLoaderDelegate from class [org.springframework.test.context.cache.DefaultCacheAwareContextLoaderDelegate]
22:54:57.350 [Test worker] DEBUG org.springframework.test.context.BootstrapUtils - Instantiating BootstrapContext using constructor [public org.springframework.test.context.support.DefaultBootstrapContext(java.lang.Class,org.springframework.test.context.CacheAwareContextLoaderDelegate)]
22:54:57.435 [Test worker] DEBUG org.springframework.test.context.BootstrapUtils - Instantiating TestContextBootstrapper for test class [com.example.springbootdocker.SpringBootDockerApplicationTests] from class [org.springframework.boot.test.context.SpringBootTestContextBootstrapper]
22:54:57.464 [Test worker] INFO org.springframework.boot.test.context.SpringBootTestContextBootstrapper - Neither @ContextConfiguration nor @ContextHierarchy found for test class [com.example.springbootdocker.SpringBootDockerApplicationTests], using SpringBootContextLoader
22:54:57.472 [Test worker] DEBUG org.springframework.test.context.support.AbstractContextLoader - Did not detect default resource location for test class [com.example.springbootdocker.SpringBootDockerApplicationTests]: class path resource [com/example/springbootdocker/SpringBootDockerApplicationTests-context.xml] does not exist
22:54:57.474 [Test worker] DEBUG org.springframework.test.context.support.AbstractContextLoader - Did not detect default resource location for test class [com.example.springbootdocker.SpringBootDockerApplicationTests]: class path resource [com/example/springbootdocker/SpringBootDockerApplicationTestsContext.groovy] does not exist
22:54:57.474 [Test worker] INFO org.springframework.test.context.support.AbstractContextLoader - Could not detect default resource locations for test class [com.example.springbootdocker.SpringBootDockerApplicationTests]: no resource found for suffixes {-context.xml, Context.groovy}.
22:54:57.476 [Test worker] INFO org.springframework.test.context.support.AnnotationConfigContextLoaderUtils - Could not detect default configuration classes for test class [com.example.springbootdocker.SpringBootDockerApplicationTests]: SpringBootDockerApplicationTests does not declare any static, non-private, non-final, nested classes annotated with @Configuration.
22:54:57.563 [Test worker] DEBUG org.springframework.test.context.support.ActiveProfilesUtils - Could not find an 'annotation declaring class' for annotation type [org.springframework.test.context.ActiveProfiles] and class [com.example.springbootdocker.SpringBootDockerApplicationTests]
22:54:57.714 [Test worker] DEBUG org.springframework.context.annotation.ClassPathScanningCandidateComponentProvider - Identified candidate component class: file [C:\Users\lapto\Downloads\spring-boot-docker\build\classes\java\main\com\example\springbootdocker\SpringBootDockerApplication.class]
22:54:57.716 [Test worker] INFO org.springframework.boot.test.context.SpringBootTestContextBootstrapper - Found @SpringBootConfiguration com.example.springbootdocker.SpringBootDockerApplication for test class com.example.springbootdocker.SpringBootDockerApplicationTests
22:54:57.967 [Test worker] DEBUG org.springframework.boot.test.context.SpringBootTestContextBootstrapper - @TestExecutionListeners is not present for class [com.example.springbootdocker.SpringBootDockerApplicationTests]: using defaults.
22:54:57.968 [Test worker] INFO org.springframework.boot.test.context.SpringBootTestContextBootstrapper - Loaded default TestExecutionListener class names from location [META-INF/spring.factories]: [org.springframework.boot.test.autoconfigure.restdocs.RestDocsTestExecutionListener, org.springframework.boot.test.autoconfigure.web.client.MockRestServiceServerResetTestExecutionListener, org.springframework.boot.test.autoconfigure.web.servlet.MockMvcPrintOnlyOnFailureTestExecutionListener, org.springframework.boot.test.autoconfigure.web.servlet.WebDriverTestExecutionListener, org.springframework.boot.test.autoconfigure.webservices.client.MockWebServiceServerTestExecutionListener, org.springframework.boot.test.mock.mockito.MockitoTestExecutionListener, org.springframework.boot.test.mock.mockito.ResetMocksTestExecutionListener, org.springframework.test.context.web.ServletTestExecutionListener, org.springframework.test.context.support.DirtiesContextBeforeModesTestExecutionListener, org.springframework.test.context.event.ApplicationEventsTestExecutionListener, org.springframework.test.context.support.DependencyInjectionTestExecutionListener, org.springframework.test.context.support.DirtiesContextTestExecutionListener, org.springframework.test.context.transaction.TransactionalTestExecutionListener, org.springframework.test.context.jdbc.SqlScriptsTestExecutionListener, org.springframework.test.context.event.EventPublishingTestExecutionListener]
22:54:57.994 [Test worker] DEBUG org.springframework.boot.test.context.SpringBootTestContextBootstrapper - Skipping candidate TestExecutionListener [org.springframework.test.context.transaction.TransactionalTestExecutionListener] due to a missing dependency. Specify custom listener classes or make the default listener classes and their required dependencies available. Offending class: [org/springframework/transaction/interceptor/TransactionAttributeSource]
22:54:57.995 [Test worker] DEBUG org.springframework.boot.test.context.SpringBootTestContextBootstrapper - Skipping candidate TestExecutionListener [org.springframework.test.context.jdbc.SqlScriptsTestExecutionListener] due to a missing dependency. Specify custom listener classes or make the default listener classes and their required dependencies available. Offending class: [org/springframework/transaction/interceptor/TransactionAttribute]
22:54:57.996 [Test worker] INFO org.springframework.boot.test.context.SpringBootTestContextBootstrapper - Using TestExecutionListeners: [org.springframework.test.context.web.ServletTestExecutionListener@328521f4, org.springframework.test.context.support.DirtiesContextBeforeModesTestExecutionListener@f7ef1e0, org.springframework.test.context.event.ApplicationEventsTestExecutionListener@729ef47b, org.springframework.boot.test.mock.mockito.MockitoTestExecutionListener@78fc3f97, org.springframework.boot.test.autoconfigure.SpringBootDependencyInjectionTestExecutionListener@636d2bfd, org.springframework.test.context.support.DirtiesContextTestExecutionListener@1b643781, org.springframework.test.context.event.EventPublishingTestExecutionListener@1edc25ba, org.springframework.boot.test.autoconfigure.restdocs.RestDocsTestExecutionListener@7c5b171, org.springframework.boot.test.autoconfigure.web.client.MockRestServiceServerResetTestExecutionListener@d7d50b7, org.springframework.boot.test.autoconfigure.web.servlet.MockMvcPrintOnlyOnFailureTestExecutionListener@379fb6a6, org.springframework.boot.test.autoconfigure.web.servlet.WebDriverTestExecutionListener@4811b41a, org.springframework.boot.test.autoconfigure.webservices.client.MockWebServiceServerTestExecutionListener@62f5ca50, org.springframework.boot.test.mock.mockito.ResetMocksTestExecutionListener@5eac651]
22:54:58.004 [Test worker] DEBUG org.springframework.test.context.support.AbstractDirtiesContextTestExecutionListener - Before test class: context [DefaultTestContext@1bafc43 testClass = SpringBootDockerApplicationTests, testInstance = [null], testMethod = [null], testException = [null], mergedContextConfiguration = [WebMergedContextConfiguration@406d7c96 testClass = SpringBootDockerApplicationTests, locations = '{}', classes = '{class com.example.springbootdocker.SpringBootDockerApplication}', contextInitializerClasses = '[]', activeProfiles = '{}', propertySourceLocations = '{}', propertySourceProperties = '{org.springframework.boot.test.context.SpringBootTestContextBootstrapper=true}', contextCustomizers = set[org.springframework.boot.test.autoconfigure.actuate.metrics.MetricsExportContextCustomizerFactory$DisableMetricExportContextCustomizer@17ffe65f, org.springframework.boot.test.autoconfigure.properties.PropertyMappingContextCustomizer@0, org.springframework.boot.test.autoconfigure.web.servlet.WebDriverContextCustomizerFactory$Customizer@40cdfbe, org.springframework.boot.test.context.filter.ExcludeFilterContextCustomizer@8c42f0b, org.springframework.boot.test.json.DuplicateJsonObjectContextCustomizerFactory$DuplicateJsonObjectContextCustomizer@2fbaad8f, org.springframework.boot.test.mock.mockito.MockitoContextCustomizer@0, org.springframework.boot.test.web.client.TestRestTemplateContextCustomizer@393caae5, org.springframework.boot.test.context.SpringBootTestArgs@1, org.springframework.boot.test.context.SpringBootTestWebEnvironment@4d3cecb8], resourceBasePath = 'src/main/webapp', contextLoader = 'org.springframework.boot.test.context.SpringBootContextLoader', parent = [null]], attributes = map['org.springframework.test.context.web.ServletTestExecutionListener.activateListener' -> true]], class annotated with @DirtiesContext [false] with mode [null].
22:54:58.105 [Test worker] DEBUG org.springframework.test.context.support.TestPropertySourceUtils - Adding inlined properties to environment: {spring.jmx.enabled=false, org.springframework.boot.test.context.SpringBootTestContextBootstrapper=true}

  .   ____          _            __ _ _
 /\\ / ___'_ __ _ _(_)_ __  __ _ \ \ \ \
( ( )\___ | '_ | '_| | '_ \/ _` | \ \ \ \
 \\/  ___)| |_)| | | | | || (_| |  ) ) ) )
  '  |____| .__|_| |_|_| |_\__, | / / / /
 =========|_|==============|___/=/_/_/_/
 :: Spring Boot ::                (v2.4.8)

2021-07-21 22:54:58.705  INFO 7172 --- [    Test worker] c.e.s.SpringBootDockerApplicationTests   : Starting SpringBootDockerApplicationTests using Java 11.0.4 on LAPTOP-VQ2U5KEI with PID 7172 (started by lapto in C:\Users\lapto\Downloads\spring-boot-docker)
2021-07-21 22:54:58.710  INFO 7172 --- [    Test worker] c.e.s.SpringBootDockerApplicationTests   : No active profile set, falling back to default profiles: default
2021-07-21 22:55:01.696  INFO 7172 --- [    Test worker] c.e.s.SpringBootDockerApplicationTests   : Started SpringBootDockerApplicationTests in 3.573 seconds (JVM running for 6.458)
]]></system-out>
  <system-err><![CDATA[]]></system-err>
</testsuite>
